2025-01-17 07:53:32 - Starting MsInventoryApplication using Java 21.0.5 with PID 41468 (/Users/elkhanisayev/Documents/projects/g42/oms/ms-inventory/build/classes/java/main started by elkhanisayev in /Users/elkhanisayev/Documents/projects/g42/oms/ms-inventory)
2025-01-17 07:53:32 - The following 2 profiles are active: "logger", "db"
2025-01-17 07:53:33 - Bootstrapping Spring Data JPA repositories in DEFAULT mode.
2025-01-17 07:53:33 - Finished Spring Data repository scanning in 18 ms. Found 3 JPA repository interfaces.
2025-01-17 07:53:33 - Tomcat initialized with port 8080 (http)
2025-01-17 07:53:33 - Starting service [Tomcat]
2025-01-17 07:53:33 - Starting Servlet engine: [Apache Tomcat/10.1.34]
2025-01-17 07:53:33 - Initializing Spring embedded WebApplicationContext
2025-01-17 07:53:33 - Root WebApplicationContext: initialization completed in 749 ms
2025-01-17 07:53:33 - HikariUserCP - Starting...
2025-01-17 07:53:33 - HikariUserCP - Added connection org.postgresql.jdbc.PgConnection@7645b7d
2025-01-17 07:53:33 - HikariUserCP - Start completed.
2025-01-17 07:53:33 - Set default schema name to public
2025-01-17 07:53:34 - Reading from public.msinventorychangelog
2025-01-17 07:53:34 - Database is up to date, no changesets to execute
2025-01-17 07:53:34 - Reading from public.msinventorychangelog
2025-01-17 07:53:34 - UPDATE SUMMARY
2025-01-17 07:53:34 - Run:                          0
2025-01-17 07:53:34 - Previously run:               7
2025-01-17 07:53:34 - Filtered out:                 0
2025-01-17 07:53:34 - -------------------------------
2025-01-17 07:53:34 - Total change sets:            7
2025-01-17 07:53:34 - Update summary generated
2025-01-17 07:53:34 - Command execution complete
2025-01-17 07:53:34 - HHH000204: Processing PersistenceUnitInfo [name: default]
2025-01-17 07:53:34 - HHH000412: Hibernate ORM core version 6.6.4.Final
2025-01-17 07:53:34 - HHH000026: Second-level cache disabled
2025-01-17 07:53:34 - No LoadTimeWeaver setup: ignoring JPA class transformer
2025-01-17 07:53:34 - HHH90000025: PostgreSQLDialect does not need to be specified explicitly using 'hibernate.dialect' (remove the property setting and it will be selected by default)
2025-01-17 07:53:34 - HHH10001005: Database info:
	Database JDBC URL [Connecting through datasource 'HikariDataSource (HikariUserCP)']
	Database driver: undefined/unknown
	Database version: 14.15
	Autocommit mode: undefined/unknown
	Isolation level: undefined/unknown
	Minimum pool size: undefined/unknown
	Maximum pool size: undefined/unknown
2025-01-17 07:53:34 - HHH000489: No JTA platform available (set 'hibernate.transaction.jta.platform' to enable JTA platform integration)
2025-01-17 07:53:34 - Initialized JPA EntityManagerFactory for persistence unit 'default'
2025-01-17 07:53:34 - spring.jpa.open-in-view is enabled by default. Therefore, database queries may be performed during view rendering. Explicitly configure spring.jpa.open-in-view to disable this warning
2025-01-17 07:53:35 - Exposing 1 endpoint beneath base path '/actuator'
2025-01-17 07:53:35 - Tomcat started on port 8080 (http) with context path '/'
2025-01-17 07:53:35 - Started MsInventoryApplication in 2.318 seconds (process running for 2.679)
2025-01-17 07:53:35 - Initializing Spring DispatcherServlet 'dispatcherServlet'
2025-01-17 07:53:35 - Initializing Servlet 'dispatcherServlet'
2025-01-17 07:53:35 - Completed initialization in 0 ms
2025-01-17 07:53:42 - Init duration for springdoc-openapi is: 120 ms
2025-01-17 07:53:49 - handleInternalException exception: org.springframework.http.converter.HttpMessageConversionException: Type definition error: [simple type, class com.oms.msinventory.model.response.WarehouseResponse]
	at org.springframework.http.converter.json.AbstractJackson2HttpMessageConverter.writeInternal(AbstractJackson2HttpMessageConverter.java:492)
	at org.springframework.http.converter.AbstractGenericHttpMessageConverter.write(AbstractGenericHttpMessageConverter.java:126)
	at org.springframework.web.servlet.mvc.method.annotation.AbstractMessageConverterMethodProcessor.writeWithMessageConverters(AbstractMessageConverterMethodProcessor.java:345)
	at org.springframework.web.servlet.mvc.method.annotation.RequestResponseBodyMethodProcessor.handleReturnValue(RequestResponseBodyMethodProcessor.java:208)
	at org.springframework.web.method.support.HandlerMethodReturnValueHandlerComposite.handleReturnValue(HandlerMethodReturnValueHandlerComposite.java:78)
	at org.springframework.web.servlet.mvc.method.annotation.ServletInvocableHandlerMethod.invokeAndHandle(ServletInvocableHandlerMethod.java:136)
	at org.springframework.web.servlet.mvc.method.annotation.RequestMappingHandlerAdapter.invokeHandlerMethod(RequestMappingHandlerAdapter.java:986)
	at org.springframework.web.servlet.mvc.method.annotation.RequestMappingHandlerAdapter.handleInternal(RequestMappingHandlerAdapter.java:891)
	at org.springframework.web.servlet.mvc.method.AbstractHandlerMethodAdapter.handle(AbstractHandlerMethodAdapter.java:87)
	at org.springframework.web.servlet.DispatcherServlet.doDispatch(DispatcherServlet.java:1088)
	at org.springframework.web.servlet.DispatcherServlet.doService(DispatcherServlet.java:978)
	at org.springframework.web.servlet.FrameworkServlet.processRequest(FrameworkServlet.java:1014)
	at org.springframework.web.servlet.FrameworkServlet.doGet(FrameworkServlet.java:903)
	at jakarta.servlet.http.HttpServlet.service(HttpServlet.java:564)
	at org.springframework.web.servlet.FrameworkServlet.service(FrameworkServlet.java:885)
	at jakarta.servlet.http.HttpServlet.service(HttpServlet.java:658)
	at org.apache.catalina.core.ApplicationFilterChain.internalDoFilter(ApplicationFilterChain.java:195)
	at org.apache.catalina.core.ApplicationFilterChain.doFilter(ApplicationFilterChain.java:140)
	at org.apache.tomcat.websocket.server.WsFilter.doFilter(WsFilter.java:51)
	at org.apache.catalina.core.ApplicationFilterChain.internalDoFilter(ApplicationFilterChain.java:164)
	at org.apache.catalina.core.ApplicationFilterChain.doFilter(ApplicationFilterChain.java:140)
	at org.springframework.web.filter.RequestContextFilter.doFilterInternal(RequestContextFilter.java:100)
	at org.springframework.web.filter.OncePerRequestFilter.doFilter(OncePerRequestFilter.java:116)
	at org.apache.catalina.core.ApplicationFilterChain.internalDoFilter(ApplicationFilterChain.java:164)
	at org.apache.catalina.core.ApplicationFilterChain.doFilter(ApplicationFilterChain.java:140)
	at org.springframework.web.filter.FormContentFilter.doFilterInternal(FormContentFilter.java:93)
	at org.springframework.web.filter.OncePerRequestFilter.doFilter(OncePerRequestFilter.java:116)
	at org.apache.catalina.core.ApplicationFilterChain.internalDoFilter(ApplicationFilterChain.java:164)
	at org.apache.catalina.core.ApplicationFilterChain.doFilter(ApplicationFilterChain.java:140)
	at org.springframework.web.filter.ServerHttpObservationFilter.doFilterInternal(ServerHttpObservationFilter.java:114)
	at org.springframework.web.filter.OncePerRequestFilter.doFilter(OncePerRequestFilter.java:116)
	at org.apache.catalina.core.ApplicationFilterChain.internalDoFilter(ApplicationFilterChain.java:164)
	at org.apache.catalina.core.ApplicationFilterChain.doFilter(ApplicationFilterChain.java:140)
	at org.springframework.web.filter.CharacterEncodingFilter.doFilterInternal(CharacterEncodingFilter.java:201)
	at org.springframework.web.filter.OncePerRequestFilter.doFilter(OncePerRequestFilter.java:116)
	at org.apache.catalina.core.ApplicationFilterChain.internalDoFilter(ApplicationFilterChain.java:164)
	at org.apache.catalina.core.ApplicationFilterChain.doFilter(ApplicationFilterChain.java:140)
	at org.apache.catalina.core.StandardWrapperValve.invoke(StandardWrapperValve.java:167)
	at org.apache.catalina.core.StandardContextValve.invoke(StandardContextValve.java:90)
	at org.apache.catalina.authenticator.AuthenticatorBase.invoke(AuthenticatorBase.java:483)
	at org.apache.catalina.core.StandardHostValve.invoke(StandardHostValve.java:115)
	at org.apache.catalina.valves.ErrorReportValve.invoke(ErrorReportValve.java:93)
	at org.apache.catalina.core.StandardEngineValve.invoke(StandardEngineValve.java:74)
	at org.apache.catalina.connector.CoyoteAdapter.service(CoyoteAdapter.java:344)
	at org.apache.coyote.http11.Http11Processor.service(Http11Processor.java:397)
	at org.apache.coyote.AbstractProcessorLight.process(AbstractProcessorLight.java:63)
	at org.apache.coyote.AbstractProtocol$ConnectionHandler.process(AbstractProtocol.java:905)
	at org.apache.tomcat.util.net.NioEndpoint$SocketProcessor.doRun(NioEndpoint.java:1741)
	at org.apache.tomcat.util.net.SocketProcessorBase.run(SocketProcessorBase.java:52)
	at org.apache.tomcat.util.threads.ThreadPoolExecutor.runWorker(ThreadPoolExecutor.java:1190)
	at org.apache.tomcat.util.threads.ThreadPoolExecutor$Worker.run(ThreadPoolExecutor.java:659)
	at org.apache.tomcat.util.threads.TaskThread$WrappingRunnable.run(TaskThread.java:63)
	at java.base/java.lang.Thread.run(Thread.java:1583)
Caused by: com.fasterxml.jackson.databind.exc.InvalidDefinitionException: No serializer found for class com.oms.msinventory.model.response.WarehouseResponse and no properties discovered to create BeanSerializer (to avoid exception, disable SerializationFeature.FAIL_ON_EMPTY_BEANS) (through reference chain: java.util.ArrayList[0])
	at com.fasterxml.jackson.databind.exc.InvalidDefinitionException.from(InvalidDefinitionException.java:77)
	at com.fasterxml.jackson.databind.SerializerProvider.reportBadDefinition(SerializerProvider.java:1328)
	at com.fasterxml.jackson.databind.DatabindContext.reportBadDefinition(DatabindContext.java:414)
	at com.fasterxml.jackson.databind.ser.impl.UnknownSerializer.failForEmpty(UnknownSerializer.java:53)
	at com.fasterxml.jackson.databind.ser.impl.UnknownSerializer.serialize(UnknownSerializer.java:30)
	at com.fasterxml.jackson.databind.ser.std.CollectionSerializer.serializeContents(CollectionSerializer.java:145)
	at com.fasterxml.jackson.databind.ser.std.CollectionSerializer.serialize(CollectionSerializer.java:107)
	at com.fasterxml.jackson.databind.ser.std.CollectionSerializer.serialize(CollectionSerializer.java:25)
	at com.fasterxml.jackson.databind.ser.DefaultSerializerProvider._serialize(DefaultSerializerProvider.java:502)
	at com.fasterxml.jackson.databind.ser.DefaultSerializerProvider.serializeValue(DefaultSerializerProvider.java:422)
	at com.fasterxml.jackson.databind.ObjectWriter$Prefetch.serialize(ObjectWriter.java:1579)
	at com.fasterxml.jackson.databind.ObjectWriter.writeValue(ObjectWriter.java:1061)
	at org.springframework.http.converter.json.AbstractJackson2HttpMessageConverter.writeInternal(AbstractJackson2HttpMessageConverter.java:486)
	... 52 more

2025-01-17 07:53:52 - handleInternalException exception: org.springframework.http.converter.HttpMessageConversionException: Type definition error: [simple type, class com.oms.msinventory.model.response.WarehouseResponse]
	at org.springframework.http.converter.json.AbstractJackson2HttpMessageConverter.writeInternal(AbstractJackson2HttpMessageConverter.java:492)
	at org.springframework.http.converter.AbstractGenericHttpMessageConverter.write(AbstractGenericHttpMessageConverter.java:126)
	at org.springframework.web.servlet.mvc.method.annotation.AbstractMessageConverterMethodProcessor.writeWithMessageConverters(AbstractMessageConverterMethodProcessor.java:345)
	at org.springframework.web.servlet.mvc.method.annotation.RequestResponseBodyMethodProcessor.handleReturnValue(RequestResponseBodyMethodProcessor.java:208)
	at org.springframework.web.method.support.HandlerMethodReturnValueHandlerComposite.handleReturnValue(HandlerMethodReturnValueHandlerComposite.java:78)
	at org.springframework.web.servlet.mvc.method.annotation.ServletInvocableHandlerMethod.invokeAndHandle(ServletInvocableHandlerMethod.java:136)
	at org.springframework.web.servlet.mvc.method.annotation.RequestMappingHandlerAdapter.invokeHandlerMethod(RequestMappingHandlerAdapter.java:986)
	at org.springframework.web.servlet.mvc.method.annotation.RequestMappingHandlerAdapter.handleInternal(RequestMappingHandlerAdapter.java:891)
	at org.springframework.web.servlet.mvc.method.AbstractHandlerMethodAdapter.handle(AbstractHandlerMethodAdapter.java:87)
	at org.springframework.web.servlet.DispatcherServlet.doDispatch(DispatcherServlet.java:1088)
	at org.springframework.web.servlet.DispatcherServlet.doService(DispatcherServlet.java:978)
	at org.springframework.web.servlet.FrameworkServlet.processRequest(FrameworkServlet.java:1014)
	at org.springframework.web.servlet.FrameworkServlet.doGet(FrameworkServlet.java:903)
	at jakarta.servlet.http.HttpServlet.service(HttpServlet.java:564)
	at org.springframework.web.servlet.FrameworkServlet.service(FrameworkServlet.java:885)
	at jakarta.servlet.http.HttpServlet.service(HttpServlet.java:658)
	at org.apache.catalina.core.ApplicationFilterChain.internalDoFilter(ApplicationFilterChain.java:195)
	at org.apache.catalina.core.ApplicationFilterChain.doFilter(ApplicationFilterChain.java:140)
	at org.apache.tomcat.websocket.server.WsFilter.doFilter(WsFilter.java:51)
	at org.apache.catalina.core.ApplicationFilterChain.internalDoFilter(ApplicationFilterChain.java:164)
	at org.apache.catalina.core.ApplicationFilterChain.doFilter(ApplicationFilterChain.java:140)
	at org.springframework.web.filter.RequestContextFilter.doFilterInternal(RequestContextFilter.java:100)
	at org.springframework.web.filter.OncePerRequestFilter.doFilter(OncePerRequestFilter.java:116)
	at org.apache.catalina.core.ApplicationFilterChain.internalDoFilter(ApplicationFilterChain.java:164)
	at org.apache.catalina.core.ApplicationFilterChain.doFilter(ApplicationFilterChain.java:140)
	at org.springframework.web.filter.FormContentFilter.doFilterInternal(FormContentFilter.java:93)
	at org.springframework.web.filter.OncePerRequestFilter.doFilter(OncePerRequestFilter.java:116)
	at org.apache.catalina.core.ApplicationFilterChain.internalDoFilter(ApplicationFilterChain.java:164)
	at org.apache.catalina.core.ApplicationFilterChain.doFilter(ApplicationFilterChain.java:140)
	at org.springframework.web.filter.ServerHttpObservationFilter.doFilterInternal(ServerHttpObservationFilter.java:114)
	at org.springframework.web.filter.OncePerRequestFilter.doFilter(OncePerRequestFilter.java:116)
	at org.apache.catalina.core.ApplicationFilterChain.internalDoFilter(ApplicationFilterChain.java:164)
	at org.apache.catalina.core.ApplicationFilterChain.doFilter(ApplicationFilterChain.java:140)
	at org.springframework.web.filter.CharacterEncodingFilter.doFilterInternal(CharacterEncodingFilter.java:201)
	at org.springframework.web.filter.OncePerRequestFilter.doFilter(OncePerRequestFilter.java:116)
	at org.apache.catalina.core.ApplicationFilterChain.internalDoFilter(ApplicationFilterChain.java:164)
	at org.apache.catalina.core.ApplicationFilterChain.doFilter(ApplicationFilterChain.java:140)
	at org.apache.catalina.core.StandardWrapperValve.invoke(StandardWrapperValve.java:167)
	at org.apache.catalina.core.StandardContextValve.invoke(StandardContextValve.java:90)
	at org.apache.catalina.authenticator.AuthenticatorBase.invoke(AuthenticatorBase.java:483)
	at org.apache.catalina.core.StandardHostValve.invoke(StandardHostValve.java:115)
	at org.apache.catalina.valves.ErrorReportValve.invoke(ErrorReportValve.java:93)
	at org.apache.catalina.core.StandardEngineValve.invoke(StandardEngineValve.java:74)
	at org.apache.catalina.connector.CoyoteAdapter.service(CoyoteAdapter.java:344)
	at org.apache.coyote.http11.Http11Processor.service(Http11Processor.java:397)
	at org.apache.coyote.AbstractProcessorLight.process(AbstractProcessorLight.java:63)
	at org.apache.coyote.AbstractProtocol$ConnectionHandler.process(AbstractProtocol.java:905)
	at org.apache.tomcat.util.net.NioEndpoint$SocketProcessor.doRun(NioEndpoint.java:1741)
	at org.apache.tomcat.util.net.SocketProcessorBase.run(SocketProcessorBase.java:52)
	at org.apache.tomcat.util.threads.ThreadPoolExecutor.runWorker(ThreadPoolExecutor.java:1190)
	at org.apache.tomcat.util.threads.ThreadPoolExecutor$Worker.run(ThreadPoolExecutor.java:659)
	at org.apache.tomcat.util.threads.TaskThread$WrappingRunnable.run(TaskThread.java:63)
	at java.base/java.lang.Thread.run(Thread.java:1583)
Caused by: com.fasterxml.jackson.databind.exc.InvalidDefinitionException: No serializer found for class com.oms.msinventory.model.response.WarehouseResponse and no properties discovered to create BeanSerializer (to avoid exception, disable SerializationFeature.FAIL_ON_EMPTY_BEANS) (through reference chain: java.util.ArrayList[0])
	at com.fasterxml.jackson.databind.exc.InvalidDefinitionException.from(InvalidDefinitionException.java:77)
	at com.fasterxml.jackson.databind.SerializerProvider.reportBadDefinition(SerializerProvider.java:1328)
	at com.fasterxml.jackson.databind.DatabindContext.reportBadDefinition(DatabindContext.java:414)
	at com.fasterxml.jackson.databind.ser.impl.UnknownSerializer.failForEmpty(UnknownSerializer.java:53)
	at com.fasterxml.jackson.databind.ser.impl.UnknownSerializer.serialize(UnknownSerializer.java:30)
	at com.fasterxml.jackson.databind.ser.std.CollectionSerializer.serializeContents(CollectionSerializer.java:145)
	at com.fasterxml.jackson.databind.ser.std.CollectionSerializer.serialize(CollectionSerializer.java:107)
	at com.fasterxml.jackson.databind.ser.std.CollectionSerializer.serialize(CollectionSerializer.java:25)
	at com.fasterxml.jackson.databind.ser.DefaultSerializerProvider._serialize(DefaultSerializerProvider.java:502)
	at com.fasterxml.jackson.databind.ser.DefaultSerializerProvider.serializeValue(DefaultSerializerProvider.java:422)
	at com.fasterxml.jackson.databind.ObjectWriter$Prefetch.serialize(ObjectWriter.java:1579)
	at com.fasterxml.jackson.databind.ObjectWriter.writeValue(ObjectWriter.java:1061)
	at org.springframework.http.converter.json.AbstractJackson2HttpMessageConverter.writeInternal(AbstractJackson2HttpMessageConverter.java:486)
	... 52 more

2025-01-17 07:57:05 - Commencing graceful shutdown. Waiting for active requests to complete
2025-01-17 07:57:05 - Graceful shutdown complete
2025-01-17 07:57:05 - Closing JPA EntityManagerFactory for persistence unit 'default'
2025-01-17 07:57:05 - HikariUserCP - Shutdown initiated...
2025-01-17 07:57:05 - HikariUserCP - Shutdown completed.
2025-01-17 07:57:06 - Starting MsInventoryApplication using Java 21.0.5 with PID 41594 (/Users/elkhanisayev/Documents/projects/g42/oms/ms-inventory/build/classes/java/main started by elkhanisayev in /Users/elkhanisayev/Documents/projects/g42/oms/ms-inventory)
2025-01-17 07:57:06 - The following 2 profiles are active: "logger", "db"
2025-01-17 07:57:07 - Bootstrapping Spring Data JPA repositories in DEFAULT mode.
2025-01-17 07:57:07 - Finished Spring Data repository scanning in 17 ms. Found 3 JPA repository interfaces.
2025-01-17 07:57:07 - Tomcat initialized with port 8080 (http)
2025-01-17 07:57:07 - Starting service [Tomcat]
2025-01-17 07:57:07 - Starting Servlet engine: [Apache Tomcat/10.1.34]
2025-01-17 07:57:07 - Initializing Spring embedded WebApplicationContext
2025-01-17 07:57:07 - Root WebApplicationContext: initialization completed in 615 ms
2025-01-17 07:57:07 - HikariUserCP - Starting...
2025-01-17 07:57:07 - HikariUserCP - Added connection org.postgresql.jdbc.PgConnection@6efd0a6e
2025-01-17 07:57:07 - HikariUserCP - Start completed.
2025-01-17 07:57:07 - Set default schema name to public
2025-01-17 07:57:07 - Reading from public.msinventorychangelog
2025-01-17 07:57:08 - Database is up to date, no changesets to execute
2025-01-17 07:57:08 - Reading from public.msinventorychangelog
2025-01-17 07:57:08 - UPDATE SUMMARY
2025-01-17 07:57:08 - Run:                          0
2025-01-17 07:57:08 - Previously run:               7
2025-01-17 07:57:08 - Filtered out:                 0
2025-01-17 07:57:08 - -------------------------------
2025-01-17 07:57:08 - Total change sets:            7
2025-01-17 07:57:08 - Update summary generated
2025-01-17 07:57:08 - Command execution complete
2025-01-17 07:57:08 - HHH000204: Processing PersistenceUnitInfo [name: default]
2025-01-17 07:57:08 - HHH000412: Hibernate ORM core version 6.6.4.Final
2025-01-17 07:57:08 - HHH000026: Second-level cache disabled
2025-01-17 07:57:08 - No LoadTimeWeaver setup: ignoring JPA class transformer
2025-01-17 07:57:08 - HHH90000025: PostgreSQLDialect does not need to be specified explicitly using 'hibernate.dialect' (remove the property setting and it will be selected by default)
2025-01-17 07:57:08 - HHH10001005: Database info:
	Database JDBC URL [Connecting through datasource 'HikariDataSource (HikariUserCP)']
	Database driver: undefined/unknown
	Database version: 14.15
	Autocommit mode: undefined/unknown
	Isolation level: undefined/unknown
	Minimum pool size: undefined/unknown
	Maximum pool size: undefined/unknown
2025-01-17 07:57:08 - HHH000489: No JTA platform available (set 'hibernate.transaction.jta.platform' to enable JTA platform integration)
2025-01-17 07:57:08 - Initialized JPA EntityManagerFactory for persistence unit 'default'
2025-01-17 07:57:08 - spring.jpa.open-in-view is enabled by default. Therefore, database queries may be performed during view rendering. Explicitly configure spring.jpa.open-in-view to disable this warning
2025-01-17 07:57:08 - Exposing 1 endpoint beneath base path '/actuator'
2025-01-17 07:57:08 - Tomcat started on port 8080 (http) with context path '/'
2025-01-17 07:57:08 - Started MsInventoryApplication in 2.093 seconds (process running for 2.274)
2025-01-17 07:57:09 - Initializing Spring DispatcherServlet 'dispatcherServlet'
2025-01-17 07:57:09 - Initializing Servlet 'dispatcherServlet'
2025-01-17 07:57:09 - Completed initialization in 1 ms
2025-01-17 08:00:44 - Commencing graceful shutdown. Waiting for active requests to complete
2025-01-17 08:00:44 - Graceful shutdown complete
2025-01-17 08:00:44 - Closing JPA EntityManagerFactory for persistence unit 'default'
2025-01-17 08:00:44 - HikariUserCP - Shutdown initiated...
2025-01-17 08:00:44 - HikariUserCP - Shutdown completed.
2025-01-17 08:00:45 - Starting MsInventoryApplication using Java 21.0.5 with PID 41750 (/Users/elkhanisayev/Documents/projects/g42/oms/ms-inventory/build/classes/java/main started by elkhanisayev in /Users/elkhanisayev/Documents/projects/g42/oms/ms-inventory)
2025-01-17 08:00:45 - The following 2 profiles are active: "logger", "db"
2025-01-17 08:00:46 - Bootstrapping Spring Data JPA repositories in DEFAULT mode.
2025-01-17 08:00:46 - Finished Spring Data repository scanning in 13 ms. Found 3 JPA repository interfaces.
2025-01-17 08:00:46 - Tomcat initialized with port 8080 (http)
2025-01-17 08:00:46 - Starting service [Tomcat]
2025-01-17 08:00:46 - Starting Servlet engine: [Apache Tomcat/10.1.34]
2025-01-17 08:00:46 - Initializing Spring embedded WebApplicationContext
2025-01-17 08:00:46 - Root WebApplicationContext: initialization completed in 566 ms
2025-01-17 08:00:46 - HikariUserCP - Starting...
2025-01-17 08:00:46 - HikariUserCP - Added connection org.postgresql.jdbc.PgConnection@a120b9
2025-01-17 08:00:46 - HikariUserCP - Start completed.
2025-01-17 08:00:46 - Set default schema name to public
2025-01-17 08:00:46 - Reading from public.msinventorychangelog
2025-01-17 08:00:46 - Database is up to date, no changesets to execute
2025-01-17 08:00:46 - Reading from public.msinventorychangelog
2025-01-17 08:00:46 - UPDATE SUMMARY
2025-01-17 08:00:46 - Run:                          0
2025-01-17 08:00:46 - Previously run:               7
2025-01-17 08:00:46 - Filtered out:                 0
2025-01-17 08:00:46 - -------------------------------
2025-01-17 08:00:46 - Total change sets:            7
2025-01-17 08:00:46 - Update summary generated
2025-01-17 08:00:46 - Command execution complete
2025-01-17 08:00:46 - HHH000204: Processing PersistenceUnitInfo [name: default]
2025-01-17 08:00:46 - HHH000412: Hibernate ORM core version 6.6.4.Final
2025-01-17 08:00:46 - HHH000026: Second-level cache disabled
2025-01-17 08:00:46 - No LoadTimeWeaver setup: ignoring JPA class transformer
2025-01-17 08:00:46 - HHH90000025: PostgreSQLDialect does not need to be specified explicitly using 'hibernate.dialect' (remove the property setting and it will be selected by default)
2025-01-17 08:00:46 - HHH10001005: Database info:
	Database JDBC URL [Connecting through datasource 'HikariDataSource (HikariUserCP)']
	Database driver: undefined/unknown
	Database version: 14.15
	Autocommit mode: undefined/unknown
	Isolation level: undefined/unknown
	Minimum pool size: undefined/unknown
	Maximum pool size: undefined/unknown
2025-01-17 08:00:47 - HHH000489: No JTA platform available (set 'hibernate.transaction.jta.platform' to enable JTA platform integration)
2025-01-17 08:00:47 - Initialized JPA EntityManagerFactory for persistence unit 'default'
2025-01-17 08:00:47 - spring.jpa.open-in-view is enabled by default. Therefore, database queries may be performed during view rendering. Explicitly configure spring.jpa.open-in-view to disable this warning
2025-01-17 08:00:47 - Exposing 1 endpoint beneath base path '/actuator'
2025-01-17 08:00:47 - Tomcat started on port 8080 (http) with context path '/'
2025-01-17 08:00:47 - Started MsInventoryApplication in 1.986 seconds (process running for 2.176)
2025-01-17 08:00:48 - Initializing Spring DispatcherServlet 'dispatcherServlet'
2025-01-17 08:00:48 - Initializing Servlet 'dispatcherServlet'
2025-01-17 08:00:48 - Completed initialization in 0 ms
2025-01-17 08:02:22 - Commencing graceful shutdown. Waiting for active requests to complete
2025-01-17 08:02:22 - Graceful shutdown complete
2025-01-17 08:02:22 - Closing JPA EntityManagerFactory for persistence unit 'default'
2025-01-17 08:02:22 - HikariUserCP - Shutdown initiated...
2025-01-17 08:02:22 - HikariUserCP - Shutdown completed.
2025-01-17 08:02:23 - Starting MsInventoryApplication using Java 21.0.5 with PID 41811 (/Users/elkhanisayev/Documents/projects/g42/oms/ms-inventory/build/classes/java/main started by elkhanisayev in /Users/elkhanisayev/Documents/projects/g42/oms/ms-inventory)
2025-01-17 08:02:23 - The following 2 profiles are active: "logger", "db"
2025-01-17 08:02:24 - Bootstrapping Spring Data JPA repositories in DEFAULT mode.
2025-01-17 08:02:24 - Finished Spring Data repository scanning in 19 ms. Found 3 JPA repository interfaces.
2025-01-17 08:02:24 - Tomcat initialized with port 8080 (http)
2025-01-17 08:02:24 - Starting service [Tomcat]
2025-01-17 08:02:24 - Starting Servlet engine: [Apache Tomcat/10.1.34]
2025-01-17 08:02:24 - Initializing Spring embedded WebApplicationContext
2025-01-17 08:02:24 - Root WebApplicationContext: initialization completed in 606 ms
2025-01-17 08:02:24 - HikariUserCP - Starting...
2025-01-17 08:02:24 - HikariUserCP - Added connection org.postgresql.jdbc.PgConnection@1cc93da4
2025-01-17 08:02:24 - HikariUserCP - Start completed.
2025-01-17 08:02:24 - Set default schema name to public
2025-01-17 08:02:24 - Reading from public.msinventorychangelog
2025-01-17 08:02:24 - Database is up to date, no changesets to execute
2025-01-17 08:02:24 - Reading from public.msinventorychangelog
2025-01-17 08:02:24 - UPDATE SUMMARY
2025-01-17 08:02:24 - Run:                          0
2025-01-17 08:02:24 - Previously run:               7
2025-01-17 08:02:24 - Filtered out:                 0
2025-01-17 08:02:24 - -------------------------------
2025-01-17 08:02:24 - Total change sets:            7
2025-01-17 08:02:24 - Update summary generated
2025-01-17 08:02:24 - Command execution complete
2025-01-17 08:02:25 - HHH000204: Processing PersistenceUnitInfo [name: default]
2025-01-17 08:02:25 - HHH000412: Hibernate ORM core version 6.6.4.Final
2025-01-17 08:02:25 - HHH000026: Second-level cache disabled
2025-01-17 08:02:25 - No LoadTimeWeaver setup: ignoring JPA class transformer
2025-01-17 08:02:25 - HHH90000025: PostgreSQLDialect does not need to be specified explicitly using 'hibernate.dialect' (remove the property setting and it will be selected by default)
2025-01-17 08:02:25 - HHH10001005: Database info:
	Database JDBC URL [Connecting through datasource 'HikariDataSource (HikariUserCP)']
	Database driver: undefined/unknown
	Database version: 14.15
	Autocommit mode: undefined/unknown
	Isolation level: undefined/unknown
	Minimum pool size: undefined/unknown
	Maximum pool size: undefined/unknown
2025-01-17 08:02:25 - HHH000489: No JTA platform available (set 'hibernate.transaction.jta.platform' to enable JTA platform integration)
2025-01-17 08:02:25 - Initialized JPA EntityManagerFactory for persistence unit 'default'
2025-01-17 08:02:25 - spring.jpa.open-in-view is enabled by default. Therefore, database queries may be performed during view rendering. Explicitly configure spring.jpa.open-in-view to disable this warning
2025-01-17 08:02:25 - Exposing 1 endpoint beneath base path '/actuator'
2025-01-17 08:02:25 - Tomcat started on port 8080 (http) with context path '/'
2025-01-17 08:02:25 - Started MsInventoryApplication in 2.076 seconds (process running for 2.269)
2025-01-17 08:02:26 - Initializing Spring DispatcherServlet 'dispatcherServlet'
2025-01-17 08:02:26 - Initializing Servlet 'dispatcherServlet'
2025-01-17 08:02:26 - Completed initialization in 0 ms
2025-01-17 08:10:19 - SQL Error: 0, SQLState: 23503
2025-01-17 08:10:19 - ERROR: update or delete on table "warehouses" violates foreign key constraint "fk_stocks_warehouse_id" on table "stocks"
  Detail: Key (id)=(1) is still referenced from table "stocks".
2025-01-17 08:10:19 - handleInternalException exception: org.springframework.dao.DataIntegrityViolationException: could not execute statement [ERROR: update or delete on table "warehouses" violates foreign key constraint "fk_stocks_warehouse_id" on table "stocks"
  Detail: Key (id)=(1) is still referenced from table "stocks".] [/* delete for com.oms.msinventory.model.entity.WarehouseEntity */delete from msinventory.warehouses where id=?]; SQL [/* delete for com.oms.msinventory.model.entity.WarehouseEntity */delete from msinventory.warehouses where id=?]; constraint [fk_stocks_warehouse_id]
	at org.springframework.orm.jpa.vendor.HibernateJpaDialect.convertHibernateAccessException(HibernateJpaDialect.java:290)
	at org.springframework.orm.jpa.vendor.HibernateJpaDialect.translateExceptionIfPossible(HibernateJpaDialect.java:241)
	at org.springframework.orm.jpa.JpaTransactionManager.doCommit(JpaTransactionManager.java:566)
	at org.springframework.transaction.support.AbstractPlatformTransactionManager.processCommit(AbstractPlatformTransactionManager.java:795)
	at org.springframework.transaction.support.AbstractPlatformTransactionManager.commit(AbstractPlatformTransactionManager.java:758)
	at org.springframework.transaction.interceptor.TransactionAspectSupport.commitTransactionAfterReturning(TransactionAspectSupport.java:698)
	at org.springframework.transaction.interceptor.TransactionAspectSupport.invokeWithinTransaction(TransactionAspectSupport.java:416)
	at org.springframework.transaction.interceptor.TransactionInterceptor.invoke(TransactionInterceptor.java:119)
	at org.springframework.aop.framework.ReflectiveMethodInvocation.proceed(ReflectiveMethodInvocation.java:184)
	at org.springframework.dao.support.PersistenceExceptionTranslationInterceptor.invoke(PersistenceExceptionTranslationInterceptor.java:138)
	at org.springframework.aop.framework.ReflectiveMethodInvocation.proceed(ReflectiveMethodInvocation.java:184)
	at org.springframework.data.jpa.repository.support.CrudMethodMetadataPostProcessor$CrudMethodMetadataPopulatingMethodInterceptor.invoke(CrudMethodMetadataPostProcessor.java:165)
	at org.springframework.aop.framework.ReflectiveMethodInvocation.proceed(ReflectiveMethodInvocation.java:184)
	at org.springframework.aop.framework.JdkDynamicAopProxy.invoke(JdkDynamicAopProxy.java:223)
	at jdk.proxy2/jdk.proxy2.$Proxy159.deleteById(Unknown Source)
	at com.oms.msinventory.service.WarehouseService.delete(WarehouseService.java:53)
	at com.oms.msinventory.controller.WarehouseController.delete(WarehouseController.java:37)
	at java.base/jdk.internal.reflect.DirectMethodHandleAccessor.invoke(DirectMethodHandleAccessor.java:103)
	at java.base/java.lang.reflect.Method.invoke(Method.java:580)
	at org.springframework.web.method.support.InvocableHandlerMethod.doInvoke(InvocableHandlerMethod.java:257)
	at org.springframework.web.method.support.InvocableHandlerMethod.invokeForRequest(InvocableHandlerMethod.java:190)
	at org.springframework.web.servlet.mvc.method.annotation.ServletInvocableHandlerMethod.invokeAndHandle(ServletInvocableHandlerMethod.java:118)
	at org.springframework.web.servlet.mvc.method.annotation.RequestMappingHandlerAdapter.invokeHandlerMethod(RequestMappingHandlerAdapter.java:986)
	at org.springframework.web.servlet.mvc.method.annotation.RequestMappingHandlerAdapter.handleInternal(RequestMappingHandlerAdapter.java:891)
	at org.springframework.web.servlet.mvc.method.AbstractHandlerMethodAdapter.handle(AbstractHandlerMethodAdapter.java:87)
	at org.springframework.web.servlet.DispatcherServlet.doDispatch(DispatcherServlet.java:1088)
	at org.springframework.web.servlet.DispatcherServlet.doService(DispatcherServlet.java:978)
	at org.springframework.web.servlet.FrameworkServlet.processRequest(FrameworkServlet.java:1014)
	at org.springframework.web.servlet.FrameworkServlet.doDelete(FrameworkServlet.java:936)
	at jakarta.servlet.http.HttpServlet.service(HttpServlet.java:596)
	at org.springframework.web.servlet.FrameworkServlet.service(FrameworkServlet.java:885)
	at jakarta.servlet.http.HttpServlet.service(HttpServlet.java:658)
	at org.apache.catalina.core.ApplicationFilterChain.internalDoFilter(ApplicationFilterChain.java:195)
	at org.apache.catalina.core.ApplicationFilterChain.doFilter(ApplicationFilterChain.java:140)
	at org.apache.tomcat.websocket.server.WsFilter.doFilter(WsFilter.java:51)
	at org.apache.catalina.core.ApplicationFilterChain.internalDoFilter(ApplicationFilterChain.java:164)
	at org.apache.catalina.core.ApplicationFilterChain.doFilter(ApplicationFilterChain.java:140)
	at org.springframework.web.filter.RequestContextFilter.doFilterInternal(RequestContextFilter.java:100)
	at org.springframework.web.filter.OncePerRequestFilter.doFilter(OncePerRequestFilter.java:116)
	at org.apache.catalina.core.ApplicationFilterChain.internalDoFilter(ApplicationFilterChain.java:164)
	at org.apache.catalina.core.ApplicationFilterChain.doFilter(ApplicationFilterChain.java:140)
	at org.springframework.web.filter.FormContentFilter.doFilterInternal(FormContentFilter.java:93)
	at org.springframework.web.filter.OncePerRequestFilter.doFilter(OncePerRequestFilter.java:116)
	at org.apache.catalina.core.ApplicationFilterChain.internalDoFilter(ApplicationFilterChain.java:164)
	at org.apache.catalina.core.ApplicationFilterChain.doFilter(ApplicationFilterChain.java:140)
	at org.springframework.web.filter.ServerHttpObservationFilter.doFilterInternal(ServerHttpObservationFilter.java:114)
	at org.springframework.web.filter.OncePerRequestFilter.doFilter(OncePerRequestFilter.java:116)
	at org.apache.catalina.core.ApplicationFilterChain.internalDoFilter(ApplicationFilterChain.java:164)
	at org.apache.catalina.core.ApplicationFilterChain.doFilter(ApplicationFilterChain.java:140)
	at org.springframework.web.filter.CharacterEncodingFilter.doFilterInternal(CharacterEncodingFilter.java:201)
	at org.springframework.web.filter.OncePerRequestFilter.doFilter(OncePerRequestFilter.java:116)
	at org.apache.catalina.core.ApplicationFilterChain.internalDoFilter(ApplicationFilterChain.java:164)
	at org.apache.catalina.core.ApplicationFilterChain.doFilter(ApplicationFilterChain.java:140)
	at org.apache.catalina.core.StandardWrapperValve.invoke(StandardWrapperValve.java:167)
	at org.apache.catalina.core.StandardContextValve.invoke(StandardContextValve.java:90)
	at org.apache.catalina.authenticator.AuthenticatorBase.invoke(AuthenticatorBase.java:483)
	at org.apache.catalina.core.StandardHostValve.invoke(StandardHostValve.java:115)
	at org.apache.catalina.valves.ErrorReportValve.invoke(ErrorReportValve.java:93)
	at org.apache.catalina.core.StandardEngineValve.invoke(StandardEngineValve.java:74)
	at org.apache.catalina.connector.CoyoteAdapter.service(CoyoteAdapter.java:344)
	at org.apache.coyote.http11.Http11Processor.service(Http11Processor.java:397)
	at org.apache.coyote.AbstractProcessorLight.process(AbstractProcessorLight.java:63)
	at org.apache.coyote.AbstractProtocol$ConnectionHandler.process(AbstractProtocol.java:905)
	at org.apache.tomcat.util.net.NioEndpoint$SocketProcessor.doRun(NioEndpoint.java:1741)
	at org.apache.tomcat.util.net.SocketProcessorBase.run(SocketProcessorBase.java:52)
	at org.apache.tomcat.util.threads.ThreadPoolExecutor.runWorker(ThreadPoolExecutor.java:1190)
	at org.apache.tomcat.util.threads.ThreadPoolExecutor$Worker.run(ThreadPoolExecutor.java:659)
	at org.apache.tomcat.util.threads.TaskThread$WrappingRunnable.run(TaskThread.java:63)
	at java.base/java.lang.Thread.run(Thread.java:1583)
Caused by: org.hibernate.exception.ConstraintViolationException: could not execute statement [ERROR: update or delete on table "warehouses" violates foreign key constraint "fk_stocks_warehouse_id" on table "stocks"
  Detail: Key (id)=(1) is still referenced from table "stocks".] [/* delete for com.oms.msinventory.model.entity.WarehouseEntity */delete from msinventory.warehouses where id=?]
	at org.hibernate.exception.internal.SQLStateConversionDelegate.convert(SQLStateConversionDelegate.java:97)
	at org.hibernate.exception.internal.StandardSQLExceptionConverter.convert(StandardSQLExceptionConverter.java:58)
	at org.hibernate.engine.jdbc.spi.SqlExceptionHelper.convert(SqlExceptionHelper.java:108)
	at org.hibernate.engine.jdbc.internal.ResultSetReturnImpl.executeUpdate(ResultSetReturnImpl.java:197)
	at org.hibernate.engine.jdbc.mutation.internal.AbstractMutationExecutor.performNonBatchedMutation(AbstractMutationExecutor.java:134)
	at org.hibernate.engine.jdbc.mutation.internal.MutationExecutorSingleNonBatched.performNonBatchedOperations(MutationExecutorSingleNonBatched.java:55)
	at org.hibernate.engine.jdbc.mutation.internal.AbstractMutationExecutor.execute(AbstractMutationExecutor.java:55)
	at org.hibernate.persister.entity.mutation.AbstractDeleteCoordinator.doStaticDelete(AbstractDeleteCoordinator.java:279)
	at org.hibernate.persister.entity.mutation.AbstractDeleteCoordinator.delete(AbstractDeleteCoordinator.java:87)
	at org.hibernate.action.internal.EntityDeleteAction.execute(EntityDeleteAction.java:131)
	at org.hibernate.engine.spi.ActionQueue.executeActions(ActionQueue.java:644)
	at org.hibernate.engine.spi.ActionQueue.executeActions(ActionQueue.java:511)
	at org.hibernate.event.internal.AbstractFlushingEventListener.performExecutions(AbstractFlushingEventListener.java:414)
	at org.hibernate.event.internal.DefaultFlushEventListener.onFlush(DefaultFlushEventListener.java:41)
	at org.hibernate.event.service.internal.EventListenerGroupImpl.fireEventOnEachListener(EventListenerGroupImpl.java:127)
	at org.hibernate.internal.SessionImpl.doFlush(SessionImpl.java:1429)
	at org.hibernate.internal.SessionImpl.managedFlush(SessionImpl.java:491)
	at org.hibernate.internal.SessionImpl.flushBeforeTransactionCompletion(SessionImpl.java:2354)
	at org.hibernate.internal.SessionImpl.beforeTransactionCompletion(SessionImpl.java:1978)
	at org.hibernate.engine.jdbc.internal.JdbcCoordinatorImpl.beforeTransactionCompletion(JdbcCoordinatorImpl.java:439)
	at org.hibernate.resource.transaction.backend.jdbc.internal.JdbcResourceLocalTransactionCoordinatorImpl.beforeCompletionCallback(JdbcResourceLocalTransactionCoordinatorImpl.java:169)
	at org.hibernate.resource.transaction.backend.jdbc.internal.JdbcResourceLocalTransactionCoordinatorImpl$TransactionDriverControlImpl.commit(JdbcResourceLocalTransactionCoordinatorImpl.java:267)
	at org.hibernate.engine.transaction.internal.TransactionImpl.commit(TransactionImpl.java:101)
	at org.springframework.orm.jpa.JpaTransactionManager.doCommit(JpaTransactionManager.java:562)
	... 66 more
Caused by: org.postgresql.util.PSQLException: ERROR: update or delete on table "warehouses" violates foreign key constraint "fk_stocks_warehouse_id" on table "stocks"
  Detail: Key (id)=(1) is still referenced from table "stocks".
	at org.postgresql.core.v3.QueryExecutorImpl.receiveErrorResponse(QueryExecutorImpl.java:2733)
	at org.postgresql.core.v3.QueryExecutorImpl.processResults(QueryExecutorImpl.java:2420)
	at org.postgresql.core.v3.QueryExecutorImpl.execute(QueryExecutorImpl.java:372)
	at org.postgresql.jdbc.PgStatement.executeInternal(PgStatement.java:517)
	at org.postgresql.jdbc.PgStatement.execute(PgStatement.java:434)
	at org.postgresql.jdbc.PgPreparedStatement.executeWithFlags(PgPreparedStatement.java:194)
	at org.postgresql.jdbc.PgPreparedStatement.executeUpdate(PgPreparedStatement.java:155)
	at com.zaxxer.hikari.pool.ProxyPreparedStatement.executeUpdate(ProxyPreparedStatement.java:61)
	at com.zaxxer.hikari.pool.HikariProxyPreparedStatement.executeUpdate(HikariProxyPreparedStatement.java)
	at org.hibernate.engine.jdbc.internal.ResultSetReturnImpl.executeUpdate(ResultSetReturnImpl.java:194)
	... 86 more

2025-01-17 09:04:31 - Commencing graceful shutdown. Waiting for active requests to complete
2025-01-17 09:04:31 - Graceful shutdown complete
2025-01-17 09:04:31 - Closing JPA EntityManagerFactory for persistence unit 'default'
2025-01-17 09:04:31 - HikariUserCP - Shutdown initiated...
2025-01-17 09:04:31 - HikariUserCP - Shutdown completed.
2025-01-17 09:04:54 - Starting MsInventoryApplication using Java 21.0.5 with PID 43313 (/Users/elkhanisayev/Documents/projects/g42/oms/ms-inventory/build/classes/java/main started by elkhanisayev in /Users/elkhanisayev/Documents/projects/g42/oms/ms-inventory)
2025-01-17 09:04:54 - The following 2 profiles are active: "logger", "db"
2025-01-17 09:04:54 - Bootstrapping Spring Data JPA repositories in DEFAULT mode.
2025-01-17 09:04:54 - Finished Spring Data repository scanning in 17 ms. Found 3 JPA repository interfaces.
2025-01-17 09:04:55 - Tomcat initialized with port 8080 (http)
2025-01-17 09:04:55 - Starting service [Tomcat]
2025-01-17 09:04:55 - Starting Servlet engine: [Apache Tomcat/10.1.34]
2025-01-17 09:04:55 - Initializing Spring embedded WebApplicationContext
2025-01-17 09:04:55 - Root WebApplicationContext: initialization completed in 654 ms
2025-01-17 09:04:55 - HikariUserCP - Starting...
2025-01-17 09:04:55 - HikariUserCP - Added connection org.postgresql.jdbc.PgConnection@64c95480
2025-01-17 09:04:55 - HikariUserCP - Start completed.
2025-01-17 09:04:55 - Set default schema name to public
2025-01-17 09:04:55 - Reading from public.msinventorychangelog
2025-01-17 09:04:55 - Database is up to date, no changesets to execute
2025-01-17 09:04:55 - Reading from public.msinventorychangelog
2025-01-17 09:04:55 - UPDATE SUMMARY
2025-01-17 09:04:55 - Run:                          0
2025-01-17 09:04:55 - Previously run:               7
2025-01-17 09:04:55 - Filtered out:                 0
2025-01-17 09:04:55 - -------------------------------
2025-01-17 09:04:55 - Total change sets:            7
2025-01-17 09:04:55 - Update summary generated
2025-01-17 09:04:55 - Command execution complete
2025-01-17 09:04:55 - HHH000204: Processing PersistenceUnitInfo [name: default]
2025-01-17 09:04:55 - HHH000412: Hibernate ORM core version 6.6.4.Final
2025-01-17 09:04:55 - HHH000026: Second-level cache disabled
2025-01-17 09:04:55 - No LoadTimeWeaver setup: ignoring JPA class transformer
2025-01-17 09:04:55 - HHH90000025: PostgreSQLDialect does not need to be specified explicitly using 'hibernate.dialect' (remove the property setting and it will be selected by default)
2025-01-17 09:04:55 - HHH10001005: Database info:
	Database JDBC URL [Connecting through datasource 'HikariDataSource (HikariUserCP)']
	Database driver: undefined/unknown
	Database version: 14.15
	Autocommit mode: undefined/unknown
	Isolation level: undefined/unknown
	Minimum pool size: undefined/unknown
	Maximum pool size: undefined/unknown
2025-01-17 09:04:56 - HHH000489: No JTA platform available (set 'hibernate.transaction.jta.platform' to enable JTA platform integration)
2025-01-17 09:04:56 - Initialized JPA EntityManagerFactory for persistence unit 'default'
2025-01-17 09:04:56 - spring.jpa.open-in-view is enabled by default. Therefore, database queries may be performed during view rendering. Explicitly configure spring.jpa.open-in-view to disable this warning
2025-01-17 09:04:56 - Exposing 1 endpoint beneath base path '/actuator'
2025-01-17 09:04:56 - Tomcat started on port 8080 (http) with context path '/'
2025-01-17 09:04:56 - Started MsInventoryApplication in 2.147 seconds (process running for 2.335)
2025-01-17 09:04:56 - Initializing Spring DispatcherServlet 'dispatcherServlet'
2025-01-17 09:04:56 - Initializing Servlet 'dispatcherServlet'
2025-01-17 09:04:56 - Completed initialization in 1 ms
2025-01-17 09:07:06 - Commencing graceful shutdown. Waiting for active requests to complete
2025-01-17 09:07:06 - Graceful shutdown complete
2025-01-17 09:07:06 - Closing JPA EntityManagerFactory for persistence unit 'default'
2025-01-17 09:07:06 - HikariUserCP - Shutdown initiated...
2025-01-17 09:07:06 - HikariUserCP - Shutdown completed.
2025-01-17 09:07:07 - Starting MsInventoryApplication using Java 21.0.5 with PID 43377 (/Users/elkhanisayev/Documents/projects/g42/oms/ms-inventory/build/classes/java/main started by elkhanisayev in /Users/elkhanisayev/Documents/projects/g42/oms/ms-inventory)
2025-01-17 09:07:07 - The following 2 profiles are active: "logger", "db"
2025-01-17 09:07:07 - Bootstrapping Spring Data JPA repositories in DEFAULT mode.
2025-01-17 09:07:08 - Finished Spring Data repository scanning in 15 ms. Found 3 JPA repository interfaces.
2025-01-17 09:07:08 - Tomcat initialized with port 8080 (http)
2025-01-17 09:07:08 - Starting service [Tomcat]
2025-01-17 09:07:08 - Starting Servlet engine: [Apache Tomcat/10.1.34]
2025-01-17 09:07:08 - Initializing Spring embedded WebApplicationContext
2025-01-17 09:07:08 - Root WebApplicationContext: initialization completed in 603 ms
2025-01-17 09:07:08 - HikariUserCP - Starting...
2025-01-17 09:07:08 - HikariUserCP - Added connection org.postgresql.jdbc.PgConnection@35e689a0
2025-01-17 09:07:08 - HikariUserCP - Start completed.
2025-01-17 09:07:08 - Set default schema name to public
2025-01-17 09:07:08 - Reading from public.msinventorychangelog
2025-01-17 09:07:08 - Database is up to date, no changesets to execute
2025-01-17 09:07:08 - Reading from public.msinventorychangelog
2025-01-17 09:07:08 - UPDATE SUMMARY
2025-01-17 09:07:08 - Run:                          0
2025-01-17 09:07:08 - Previously run:               7
2025-01-17 09:07:08 - Filtered out:                 0
2025-01-17 09:07:08 - -------------------------------
2025-01-17 09:07:08 - Total change sets:            7
2025-01-17 09:07:08 - Update summary generated
2025-01-17 09:07:08 - Command execution complete
2025-01-17 09:07:08 - HHH000204: Processing PersistenceUnitInfo [name: default]
2025-01-17 09:07:08 - HHH000412: Hibernate ORM core version 6.6.4.Final
2025-01-17 09:07:08 - HHH000026: Second-level cache disabled
2025-01-17 09:07:08 - No LoadTimeWeaver setup: ignoring JPA class transformer
2025-01-17 09:07:08 - HHH90000025: PostgreSQLDialect does not need to be specified explicitly using 'hibernate.dialect' (remove the property setting and it will be selected by default)
2025-01-17 09:07:08 - HHH10001005: Database info:
	Database JDBC URL [Connecting through datasource 'HikariDataSource (HikariUserCP)']
	Database driver: undefined/unknown
	Database version: 14.15
	Autocommit mode: undefined/unknown
	Isolation level: undefined/unknown
	Minimum pool size: undefined/unknown
	Maximum pool size: undefined/unknown
2025-01-17 09:07:09 - HHH000489: No JTA platform available (set 'hibernate.transaction.jta.platform' to enable JTA platform integration)
2025-01-17 09:07:09 - Initialized JPA EntityManagerFactory for persistence unit 'default'
2025-01-17 09:07:09 - spring.jpa.open-in-view is enabled by default. Therefore, database queries may be performed during view rendering. Explicitly configure spring.jpa.open-in-view to disable this warning
2025-01-17 09:07:09 - Exposing 1 endpoint beneath base path '/actuator'
2025-01-17 09:07:09 - Tomcat started on port 8080 (http) with context path '/'
2025-01-17 09:07:09 - Started MsInventoryApplication in 2.069 seconds (process running for 2.255)
2025-01-17 09:07:09 - Initializing Spring DispatcherServlet 'dispatcherServlet'
2025-01-17 09:07:09 - Initializing Servlet 'dispatcherServlet'
2025-01-17 09:07:09 - Completed initialization in 1 ms
2025-01-17 09:07:12 - Commencing graceful shutdown. Waiting for active requests to complete
2025-01-17 09:07:12 - Graceful shutdown complete
2025-01-17 09:07:12 - Closing JPA EntityManagerFactory for persistence unit 'default'
2025-01-17 09:07:12 - HikariUserCP - Shutdown initiated...
2025-01-17 09:07:12 - HikariUserCP - Shutdown completed.
